


ARM Macro Assembler    Page 1 


    1 00000000         ; ******************************************************
                       **********************
    2 00000000         ; Copyright (c) 2019, Nations Technologies Inc.
    3 00000000         ;
    4 00000000         ; All rights reserved.
    5 00000000         ; ******************************************************
                       **********************
    6 00000000         ;
    7 00000000         ; Redistribution and use in source and binary forms, wit
                       h or without
    8 00000000         ; modification, are permitted provided that the followin
                       g conditions are met:
    9 00000000         ;
   10 00000000         ; - Redistributions of source code must retain the above
                        copyright notice,
   11 00000000         ; this list of conditions and the disclaimer below.
   12 00000000         ;
   13 00000000         ; Nations' name may not be used to endorse or promote pr
                       oducts derived from
   14 00000000         ; this software without specific prior written permissio
                       n.
   15 00000000         ;
   16 00000000         ; DISCLAIMER: THIS SOFTWARE IS PROVIDED BY NATIONS "AS I
                       S" AND ANY EXPRESS OR
   17 00000000         ; IMPLIED WARRANTIES, INCLUDING, BUT NOT LIMITED TO, THE
                        IMPLIED WARRANTIES OF
   18 00000000         ; MERCHANTABILITY, FITNESS FOR A PARTICULAR PURPOSE AND 
                       NON-INFRINGEMENT ARE
   19 00000000         ; DISCLAIMED. IN NO EVENT SHALL NATIONS BE LIABLE FOR AN
                       Y DIRECT, INDIRECT,
   20 00000000         ; INCIDENTAL, SPECIAL, EXEMPLARY, OR CONSEQUENTIAL DAMAG
                       ES (INCLUDING, BUT NOT
   21 00000000         ; LIMITED TO, PROCUREMENT OF SUBSTITUTE GOODS OR SERVICE
                       S; LOSS OF USE, DATA,
   22 00000000         ; OR PROFITS; OR BUSINESS INTERRUPTION) HOWEVER CAUSED A
                       ND ON ANY THEORY OF
   23 00000000         ; LIABILITY, WHETHER IN CONTRACT, STRICT LIABILITY, OR T
                       ORT (INCLUDING
   24 00000000         ; NEGLIGENCE OR OTHERWISE) ARISING IN ANY WAY OUT OF THE
                        USE OF THIS SOFTWARE,
   25 00000000         ; EVEN IF ADVISED OF THE POSSIBILITY OF SUCH DAMAGE.
   26 00000000         ; ******************************************************
                       **********************
   27 00000000         
   28 00000000         ; Amount of memory (in bytes) allocated for Stack
   29 00000000         ; Tailor this value to your application needs
   30 00000000         ; <h> Stack Configuration
   31 00000000         ;   <o> Stack Size (in Bytes) <0x0-0xFFFFFFFF:8>
   32 00000000         ; </h>
   33 00000000         
   34 00000000 00001500 
                       Stack_Size
                               EQU              0x00001500
   35 00000000         
   36 00000000                 AREA             STACK, NOINIT, READWRITE, ALIGN
=3
   37 00000000         Stack_Mem
                               SPACE            Stack_Size
   38 00001500         __initial_sp



ARM Macro Assembler    Page 2 


   39 00001500         
   40 00001500         ; <h> Heap Configuration
   41 00001500         ;   <o>  Heap Size (in Bytes) <0x0-0xFFFFFFFF:8>
   42 00001500         ; </h>
   43 00001500         
   44 00001500 00000300 
                       Heap_Size
                               EQU              0x00000300
   45 00001500         
   46 00001500                 AREA             HEAP, NOINIT, READWRITE, ALIGN=
3
   47 00000000         __heap_base
   48 00000000         Heap_Mem
                               SPACE            Heap_Size
   49 00000300         __heap_limit
   50 00000300         
   51 00000300                 PRESERVE8
   52 00000300                 THUMB
   53 00000300         
   54 00000300         
   55 00000300         ; Vector Table Mapped to Address 0 at Reset
   56 00000300                 AREA             RESET, DATA, READONLY
   57 00000000                 EXPORT           __Vectors
   58 00000000                 EXPORT           __Vectors_End
   59 00000000                 EXPORT           __Vectors_Size
   60 00000000         
   61 00000000 00000000 
                       __Vectors
                               DCD              __initial_sp ; Top of Stack
   62 00000004 00000000        DCD              Reset_Handler ; Reset Handler
   63 00000008 00000000        DCD              NMI_Handler ; NMI Handler
   64 0000000C 00000000        DCD              HardFault_Handler ; Hard Fault 
                                                            Handler
   65 00000010 00000000        DCD              MemManage_Handler 
                                                            ; MPU Fault Handler
                                                            
   66 00000014 00000000        DCD              BusFault_Handler 
                                                            ; Bus Fault Handler
                                                            
   67 00000018 00000000        DCD              UsageFault_Handler ; Usage Faul
                                                            t Handler
   68 0000001C 00000000        DCD              0           ; Reserved
   69 00000020 00000000        DCD              0           ; Reserved
   70 00000024 00000000        DCD              0           ; Reserved
   71 00000028 00000000        DCD              0           ; Reserved
   72 0000002C 00000000        DCD              SVC_Handler ; SVCall Handler
   73 00000030 00000000        DCD              DebugMon_Handler ; Debug Monito
                                                            r Handler
   74 00000034 00000000        DCD              0           ; Reserved
   75 00000038 00000000        DCD              PendSV_Handler ; PendSV Handler
                                                            
   76 0000003C 00000000        DCD              SysTick_Handler 
                                                            ; SysTick Handler
   77 00000040         
   78 00000040         ; External Interrupts
   79 00000040 00000000        DCD              WWDG_IRQHandler 
                                                            ; Window Watchdog
   80 00000044 00000000        DCD              PVD_IRQHandler ; PVD through EX
                                                            TI Line detect



ARM Macro Assembler    Page 3 


   81 00000048 00000000        DCD              RTC_TAMPER_STAMP_IRQHandler 
                                                            ; EXTI Line18
   82 0000004C 00000000        DCD              RTC_WKUP_IRQHandler ; RTC_WKUP
   83 00000050 00000000        DCD              FLASH_IRQHandler ; Flash
   84 00000054 00000000        DCD              RCC_IRQHandler ; RCC
   85 00000058 00000000        DCD              EXTI0_IRQHandler ; EXTI Line 0
   86 0000005C 00000000        DCD              EXTI1_IRQHandler ; EXTI Line 1
   87 00000060 00000000        DCD              EXTI2_IRQHandler ; EXTI Line 2
   88 00000064 00000000        DCD              EXTI3_IRQHandler ; EXTI Line 3
   89 00000068 00000000        DCD              EXTI4_IRQHandler ; EXTI Line 4
   90 0000006C 00000000        DCD              DMA_Channel1_IRQHandler 
                                                            ; DMA Channel 1
   91 00000070 00000000        DCD              DMA_Channel2_IRQHandler 
                                                            ; DMA Channel 2
   92 00000074 00000000        DCD              DMA_Channel3_IRQHandler 
                                                            ; DMA Channel 3
   93 00000078 00000000        DCD              DMA_Channel4_IRQHandler 
                                                            ; DMA Channel 4
   94 0000007C 00000000        DCD              DMA_Channel5_IRQHandler 
                                                            ; DMA Channel 5
   95 00000080 00000000        DCD              DMA_Channel6_IRQHandler 
                                                            ; DMA Channel 6
   96 00000084 00000000        DCD              DMA_Channel7_IRQHandler 
                                                            ; DMA Channel 7
   97 00000088 00000000        DCD              DMA_Channel8_IRQHandler 
                                                            ; DMA Channel 8
   98 0000008C 00000000        DCD              ADC_IRQHandler ; ADC
   99 00000090 00000000        DCD              MMU_IRQHandler ; MMU
  100 00000094 00000000        DCD              COMP_1_2_3_IRQHandler ; COMP1 &
                                                             COMP2 & COMP3
  101 00000098 00000000        DCD              EXTI9_5_IRQHandler 
                                                            ; EXTI Line 9..5
  102 0000009C 00000000        DCD              TIM1_BRK_IRQHandler 
                                                            ; TIM1 Break
  103 000000A0 00000000        DCD              TIM1_UP_IRQHandler 
                                                            ; TIM1 Update
  104 000000A4 00000000        DCD              TIM1_TRG_COM_IRQHandler ; TIM1 
                                                            Trigger and Commuta
                                                            tion
  105 000000A8 00000000        DCD              TIM1_CC_IRQHandler ; TIM1 Captu
                                                            re Compare
  106 000000AC 00000000        DCD              TIM2_IRQHandler ; TIM2
  107 000000B0 00000000        DCD              TIM3_IRQHandler ; TIM3
  108 000000B4 00000000        DCD              TIM4_IRQHandler ; TIM4
  109 000000B8 00000000        DCD              I2C1_EV_IRQHandler ; I2C1 Event
                                                            
  110 000000BC 00000000        DCD              I2C1_ER_IRQHandler ; I2C1 Error
                                                            
  111 000000C0 00000000        DCD              I2C2_EV_IRQHandler ; I2C2 Event
                                                            
  112 000000C4 00000000        DCD              I2C2_ER_IRQHandler ; I2C2 Error
                                                            
  113 000000C8 00000000        DCD              SPI1_IRQHandler ; SPI1
  114 000000CC 00000000        DCD              SPI2_IRQHandler ; SPI2/I2S2
  115 000000D0 00000000        DCD              USART1_IRQHandler ; USART1
  116 000000D4 00000000        DCD              USART2_IRQHandler ; USART2
  117 000000D8 00000000        DCD              UART3_IRQHandler ; UART3
  118 000000DC 00000000        DCD              EXTI15_10_IRQHandler 
                                                            ; EXTI Line 15..10



ARM Macro Assembler    Page 4 


  119 000000E0 00000000        DCD              RTCAlarm_IRQHandler ; RTC Alarm
                                                             through EXTI Line
  120 000000E4 00000000        DCD              LPTIM_WKUP_IRQHandler ; LPTIM_W
                                                            KUP through EXTI li
                                                            ne 20
  121 000000E8 00000000        DCD              TIM8_BRK_IRQHandler 
                                                            ; TIM8 Break
  122 000000EC 00000000        DCD              TIM8_UP_IRQHandler 
                                                            ; TIM8 Update
  123 000000F0 00000000        DCD              TIM8_TRG_COM_IRQHandler ; TIM8 
                                                            Trigger and Commuta
                                                            tion
  124 000000F4 00000000        DCD              TIM8_CC_IRQHandler ; TIM8 Captu
                                                            re Compare
  125 000000F8 00000000        DCD              UART4_IRQHandler ; UART4
  126 000000FC 00000000        DCD              TIM5_IRQHandler ; TIM5
  127 00000100 00000000        DCD              TIM6_IRQHandler ; TIM6
  128 00000104 00000000        DCD              CAN_TX_IRQHandler ; CAN TX
  129 00000108 00000000        DCD              CAN_RX0_IRQHandler ; CAN RX0
  130 0000010C 00000000        DCD              CAN_RX1_IRQHandler ; CAN RX1
  131 00000110 00000000        DCD              CAN_SCE_IRQHandler ; CAN SCE
  132 00000114         __Vectors_End
  133 00000114         
  134 00000114 00000114 
                       __Vectors_Size
                               EQU              __Vectors_End - __Vectors
  135 00000114         
  136 00000114                 AREA             |.text|, CODE, READONLY
  137 00000000         
  138 00000000         ; Reset handler
  139 00000000         Reset_Handler
                               PROC
  140 00000000                 EXPORT           Reset_Handler              [WEA
K]
  141 00000000                 IMPORT           __main
  142 00000000                 IMPORT           System_Initializes
  143 00000000 4809            LDR              R0, =System_Initializes
  144 00000002 4780            BLX              R0
  145 00000004 4809            LDR              R0, =__main
  146 00000006 4700            BX               R0
  147 00000008                 ENDP
  148 00000008         
  149 00000008         ; Dummy Exception Handlers (infinite loops which can be 
                       modified)
  150 00000008         
  151 00000008         NMI_Handler
                               PROC
  152 00000008                 EXPORT           NMI_Handler                 [WE
AK]
  153 00000008 E7FE            B                .
  154 0000000A                 ENDP
  156 0000000A         HardFault_Handler
                               PROC
  157 0000000A                 EXPORT           HardFault_Handler           [WE
AK]
  158 0000000A E7FE            B                .
  159 0000000C                 ENDP
  161 0000000C         MemManage_Handler
                               PROC



ARM Macro Assembler    Page 5 


  162 0000000C                 EXPORT           MemManage_Handler           [WE
AK]
  163 0000000C E7FE            B                .
  164 0000000E                 ENDP
  166 0000000E         BusFault_Handler
                               PROC
  167 0000000E                 EXPORT           BusFault_Handler            [WE
AK]
  168 0000000E E7FE            B                .
  169 00000010                 ENDP
  171 00000010         UsageFault_Handler
                               PROC
  172 00000010                 EXPORT           UsageFault_Handler          [WE
AK]
  173 00000010 E7FE            B                .
  174 00000012                 ENDP
  175 00000012         SVC_Handler
                               PROC
  176 00000012                 EXPORT           SVC_Handler                 [WE
AK]
  177 00000012 E7FE            B                .
  178 00000014                 ENDP
  180 00000014         DebugMon_Handler
                               PROC
  181 00000014                 EXPORT           DebugMon_Handler            [WE
AK]
  182 00000014 E7FE            B                .
  183 00000016                 ENDP
  184 00000016         PendSV_Handler
                               PROC
  185 00000016                 EXPORT           PendSV_Handler              [WE
AK]
  186 00000016 E7FE            B                .
  187 00000018                 ENDP
  188 00000018         SysTick_Handler
                               PROC
  189 00000018                 EXPORT           SysTick_Handler             [WE
AK]
  190 00000018 E7FE            B                .
  191 0000001A                 ENDP
  192 0000001A         
  193 0000001A         Default_Handler
                               PROC
  194 0000001A         
  195 0000001A                 EXPORT           WWDG_IRQHandler             [WE
AK]
  196 0000001A                 EXPORT           PVD_IRQHandler              [WE
AK]
  197 0000001A                 EXPORT           RTC_TAMPER_STAMP_IRQHandler [WE
AK]
  198 0000001A                 EXPORT           RTC_WKUP_IRQHandler         [WE
AK]
  199 0000001A                 EXPORT           FLASH_IRQHandler            [WE
AK]
  200 0000001A                 EXPORT           RCC_IRQHandler              [WE
AK]
  201 0000001A                 EXPORT           EXTI0_IRQHandler            [WE
AK]
  202 0000001A                 EXPORT           EXTI1_IRQHandler            [WE



ARM Macro Assembler    Page 6 


AK]
  203 0000001A                 EXPORT           EXTI2_IRQHandler            [WE
AK]
  204 0000001A                 EXPORT           EXTI3_IRQHandler            [WE
AK]
  205 0000001A                 EXPORT           EXTI4_IRQHandler            [WE
AK]
  206 0000001A                 EXPORT           DMA_Channel1_IRQHandler     [WE
AK]
  207 0000001A                 EXPORT           DMA_Channel2_IRQHandler     [WE
AK]
  208 0000001A                 EXPORT           DMA_Channel3_IRQHandler     [WE
AK]
  209 0000001A                 EXPORT           DMA_Channel4_IRQHandler     [WE
AK]
  210 0000001A                 EXPORT           DMA_Channel5_IRQHandler     [WE
AK]
  211 0000001A                 EXPORT           DMA_Channel6_IRQHandler     [WE
AK]
  212 0000001A                 EXPORT           DMA_Channel7_IRQHandler     [WE
AK]
  213 0000001A                 EXPORT           DMA_Channel8_IRQHandler     [WE
AK]
  214 0000001A                 EXPORT           ADC_IRQHandler              [WE
AK]
  215 0000001A                 EXPORT           MMU_IRQHandler              [WE
AK]
  216 0000001A                 EXPORT           COMP_1_2_3_IRQHandler       [WE
AK]
  217 0000001A                 EXPORT           EXTI9_5_IRQHandler          [WE
AK]
  218 0000001A                 EXPORT           TIM1_BRK_IRQHandler         [WE
AK]
  219 0000001A                 EXPORT           TIM1_UP_IRQHandler          [WE
AK]
  220 0000001A                 EXPORT           TIM1_TRG_COM_IRQHandler     [WE
AK]
  221 0000001A                 EXPORT           TIM1_CC_IRQHandler          [WE
AK]
  222 0000001A                 EXPORT           TIM2_IRQHandler             [WE
AK]
  223 0000001A                 EXPORT           TIM3_IRQHandler             [WE
AK]
  224 0000001A                 EXPORT           TIM4_IRQHandler             [WE
AK]
  225 0000001A                 EXPORT           I2C1_EV_IRQHandler          [WE
AK]
  226 0000001A                 EXPORT           I2C1_ER_IRQHandler          [WE
AK]
  227 0000001A                 EXPORT           I2C2_EV_IRQHandler          [WE
AK]
  228 0000001A                 EXPORT           I2C2_ER_IRQHandler          [WE
AK]
  229 0000001A                 EXPORT           SPI1_IRQHandler             [WE
AK]
  230 0000001A                 EXPORT           SPI2_IRQHandler             [WE
AK]
  231 0000001A                 EXPORT           USART1_IRQHandler           [WE
AK]



ARM Macro Assembler    Page 7 


  232 0000001A                 EXPORT           USART2_IRQHandler           [WE
AK]
  233 0000001A                 EXPORT           UART3_IRQHandler            [WE
AK]
  234 0000001A                 EXPORT           EXTI15_10_IRQHandler        [WE
AK]
  235 0000001A                 EXPORT           RTCAlarm_IRQHandler         [WE
AK]
  236 0000001A                 EXPORT           LPTIM_WKUP_IRQHandler       [WE
AK]
  237 0000001A                 EXPORT           TIM8_BRK_IRQHandler         [WE
AK]
  238 0000001A                 EXPORT           TIM8_UP_IRQHandler          [WE
AK]
  239 0000001A                 EXPORT           TIM8_TRG_COM_IRQHandler     [WE
AK]
  240 0000001A                 EXPORT           TIM8_CC_IRQHandler          [WE
AK]
  241 0000001A                 EXPORT           UART4_IRQHandler            [WE
AK]
  242 0000001A                 EXPORT           TIM5_IRQHandler             [WE
AK]
  243 0000001A                 EXPORT           TIM6_IRQHandler             [WE
AK]
  244 0000001A                 EXPORT           CAN_TX_IRQHandler           [WE
AK]
  245 0000001A                 EXPORT           CAN_RX0_IRQHandler          [WE
AK]
  246 0000001A                 EXPORT           CAN_RX1_IRQHandler          [WE
AK]
  247 0000001A                 EXPORT           CAN_SCE_IRQHandler          [WE
AK]
  248 0000001A         
  249 0000001A         WWDG_IRQHandler
  250 0000001A         PVD_IRQHandler
  251 0000001A         RTC_TAMPER_STAMP_IRQHandler
  252 0000001A         RTC_WKUP_IRQHandler
  253 0000001A         FLASH_IRQHandler
  254 0000001A         RCC_IRQHandler
  255 0000001A         EXTI0_IRQHandler
  256 0000001A         EXTI1_IRQHandler
  257 0000001A         EXTI2_IRQHandler
  258 0000001A         EXTI3_IRQHandler
  259 0000001A         EXTI4_IRQHandler
  260 0000001A         DMA_Channel1_IRQHandler
  261 0000001A         DMA_Channel2_IRQHandler
  262 0000001A         DMA_Channel3_IRQHandler
  263 0000001A         DMA_Channel4_IRQHandler
  264 0000001A         DMA_Channel5_IRQHandler
  265 0000001A         DMA_Channel6_IRQHandler
  266 0000001A         DMA_Channel7_IRQHandler
  267 0000001A         DMA_Channel8_IRQHandler
  268 0000001A         ADC_IRQHandler
  269 0000001A         MMU_IRQHandler
  270 0000001A         COMP_1_2_3_IRQHandler
  271 0000001A         EXTI9_5_IRQHandler
  272 0000001A         TIM1_BRK_IRQHandler
  273 0000001A         TIM1_UP_IRQHandler
  274 0000001A         TIM1_TRG_COM_IRQHandler



ARM Macro Assembler    Page 8 


  275 0000001A         TIM1_CC_IRQHandler
  276 0000001A         TIM2_IRQHandler
  277 0000001A         TIM3_IRQHandler
  278 0000001A         TIM4_IRQHandler
  279 0000001A         I2C1_EV_IRQHandler
  280 0000001A         I2C1_ER_IRQHandler
  281 0000001A         I2C2_EV_IRQHandler
  282 0000001A         I2C2_ER_IRQHandler
  283 0000001A         SPI1_IRQHandler
  284 0000001A         SPI2_IRQHandler
  285 0000001A         USART1_IRQHandler
  286 0000001A         USART2_IRQHandler
  287 0000001A         UART3_IRQHandler
  288 0000001A         EXTI15_10_IRQHandler
  289 0000001A         RTCAlarm_IRQHandler
  290 0000001A         LPTIM_WKUP_IRQHandler
  291 0000001A         TIM8_BRK_IRQHandler
  292 0000001A         TIM8_UP_IRQHandler
  293 0000001A         TIM8_TRG_COM_IRQHandler
  294 0000001A         TIM8_CC_IRQHandler
  295 0000001A         UART4_IRQHandler
  296 0000001A         TIM5_IRQHandler
  297 0000001A         TIM6_IRQHandler
  298 0000001A         CAN_TX_IRQHandler
  299 0000001A         CAN_RX0_IRQHandler
  300 0000001A         CAN_RX1_IRQHandler
  301 0000001A         CAN_SCE_IRQHandler
  302 0000001A E7FE            B                .
  303 0000001C         
  304 0000001C                 ENDP
  305 0000001C         
  306 0000001C                 ALIGN
  307 0000001C         
  308 0000001C         ;*******************************************************
                       ************************
  309 0000001C         ; User Stack and Heap initialization
  310 0000001C         ;*******************************************************
                       ************************
  311 0000001C                 IF               :DEF:__MICROLIB
  318 0000001C         
  319 0000001C                 IMPORT           __use_two_region_memory
  320 0000001C                 EXPORT           __user_initial_stackheap
  321 0000001C         
  322 0000001C         __user_initial_stackheap
  323 0000001C         
  324 0000001C 4804            LDR              R0, =  Heap_Mem
  325 0000001E 4905            LDR              R1, =(Stack_Mem + Stack_Size)
  326 00000020 4A05            LDR              R2, = (Heap_Mem +  Heap_Size)
  327 00000022 4B06            LDR              R3, = Stack_Mem
  328 00000024 4770            BX               LR
  329 00000026         
  330 00000026 00 00           ALIGN
  331 00000028         
  332 00000028                 ENDIF
  333 00000028         
  334 00000028                 END
              00000000 
              00000000 
              00000000 



ARM Macro Assembler    Page 9 


              00001500 
              00000300 
              00000000 
Command Line: --debug --xref --diag_suppress=9931 --cpu=Cortex-M4.fp --apcs=int
erwork --depend=.\objects\startup_n32g430.d -o.\objects\startup_n32g430.o -I.\R
TE\_PowerMeter -ID:\Keil_v5\ARM\PACK\Nationstech\N32G430_DFP\1.0.0\firmware\CMS
IS\device -ID:\Keil_v5\ARM\CMSIS\Include --predefine="__UVISION_VERSION SETA 52
3" --predefine="N32G430 SETA 1" --predefine="USE_STDPERIPH_DRIVER SETA 1" --lis
t=.\listings\startup_n32g430.lst firmware\CMSIS\device\startup\startup_n32g430.
s



ARM Macro Assembler    Page 1 Alphabetic symbol ordering
Relocatable symbols

STACK 00000000

Symbol: STACK
   Definitions
      At line 36 in file firmware\CMSIS\device\startup\startup_n32g430.s
   Uses
      None
Comment: STACK unused
Stack_Mem 00000000

Symbol: Stack_Mem
   Definitions
      At line 37 in file firmware\CMSIS\device\startup\startup_n32g430.s
   Uses
      At line 325 in file firmware\CMSIS\device\startup\startup_n32g430.s
      At line 327 in file firmware\CMSIS\device\startup\startup_n32g430.s

__initial_sp 00001500

Symbol: __initial_sp
   Definitions
      At line 38 in file firmware\CMSIS\device\startup\startup_n32g430.s
   Uses
      At line 61 in file firmware\CMSIS\device\startup\startup_n32g430.s
Comment: __initial_sp used once
3 symbols



ARM Macro Assembler    Page 1 Alphabetic symbol ordering
Relocatable symbols

HEAP 00000000

Symbol: HEAP
   Definitions
      At line 46 in file firmware\CMSIS\device\startup\startup_n32g430.s
   Uses
      None
Comment: HEAP unused
Heap_Mem 00000000

Symbol: Heap_Mem
   Definitions
      At line 48 in file firmware\CMSIS\device\startup\startup_n32g430.s
   Uses
      At line 324 in file firmware\CMSIS\device\startup\startup_n32g430.s
      At line 326 in file firmware\CMSIS\device\startup\startup_n32g430.s

__heap_base 00000000

Symbol: __heap_base
   Definitions
      At line 47 in file firmware\CMSIS\device\startup\startup_n32g430.s
   Uses
      None
Comment: __heap_base unused
__heap_limit 00000300

Symbol: __heap_limit
   Definitions
      At line 49 in file firmware\CMSIS\device\startup\startup_n32g430.s
   Uses
      None
Comment: __heap_limit unused
4 symbols



ARM Macro Assembler    Page 1 Alphabetic symbol ordering
Relocatable symbols

RESET 00000000

Symbol: RESET
   Definitions
      At line 56 in file firmware\CMSIS\device\startup\startup_n32g430.s
   Uses
      None
Comment: RESET unused
__Vectors 00000000

Symbol: __Vectors
   Definitions
      At line 61 in file firmware\CMSIS\device\startup\startup_n32g430.s
   Uses
      At line 57 in file firmware\CMSIS\device\startup\startup_n32g430.s
      At line 134 in file firmware\CMSIS\device\startup\startup_n32g430.s

__Vectors_End 00000114

Symbol: __Vectors_End
   Definitions
      At line 132 in file firmware\CMSIS\device\startup\startup_n32g430.s
   Uses
      At line 58 in file firmware\CMSIS\device\startup\startup_n32g430.s
      At line 134 in file firmware\CMSIS\device\startup\startup_n32g430.s

3 symbols



ARM Macro Assembler    Page 1 Alphabetic symbol ordering
Relocatable symbols

.text 00000000

Symbol: .text
   Definitions
      At line 136 in file firmware\CMSIS\device\startup\startup_n32g430.s
   Uses
      None
Comment: .text unused
ADC_IRQHandler 0000001A

Symbol: ADC_IRQHandler
   Definitions
      At line 268 in file firmware\CMSIS\device\startup\startup_n32g430.s
   Uses
      At line 98 in file firmware\CMSIS\device\startup\startup_n32g430.s
      At line 214 in file firmware\CMSIS\device\startup\startup_n32g430.s

BusFault_Handler 0000000E

Symbol: BusFault_Handler
   Definitions
      At line 166 in file firmware\CMSIS\device\startup\startup_n32g430.s
   Uses
      At line 66 in file firmware\CMSIS\device\startup\startup_n32g430.s
      At line 167 in file firmware\CMSIS\device\startup\startup_n32g430.s

CAN_RX0_IRQHandler 0000001A

Symbol: CAN_RX0_IRQHandler
   Definitions
      At line 299 in file firmware\CMSIS\device\startup\startup_n32g430.s
   Uses
      At line 129 in file firmware\CMSIS\device\startup\startup_n32g430.s
      At line 245 in file firmware\CMSIS\device\startup\startup_n32g430.s

CAN_RX1_IRQHandler 0000001A

Symbol: CAN_RX1_IRQHandler
   Definitions
      At line 300 in file firmware\CMSIS\device\startup\startup_n32g430.s
   Uses
      At line 130 in file firmware\CMSIS\device\startup\startup_n32g430.s
      At line 246 in file firmware\CMSIS\device\startup\startup_n32g430.s

CAN_SCE_IRQHandler 0000001A

Symbol: CAN_SCE_IRQHandler
   Definitions
      At line 301 in file firmware\CMSIS\device\startup\startup_n32g430.s
   Uses
      At line 131 in file firmware\CMSIS\device\startup\startup_n32g430.s
      At line 247 in file firmware\CMSIS\device\startup\startup_n32g430.s

CAN_TX_IRQHandler 0000001A

Symbol: CAN_TX_IRQHandler
   Definitions
      At line 298 in file firmware\CMSIS\device\startup\startup_n32g430.s
   Uses



ARM Macro Assembler    Page 2 Alphabetic symbol ordering
Relocatable symbols

      At line 128 in file firmware\CMSIS\device\startup\startup_n32g430.s
      At line 244 in file firmware\CMSIS\device\startup\startup_n32g430.s

COMP_1_2_3_IRQHandler 0000001A

Symbol: COMP_1_2_3_IRQHandler
   Definitions
      At line 270 in file firmware\CMSIS\device\startup\startup_n32g430.s
   Uses
      At line 100 in file firmware\CMSIS\device\startup\startup_n32g430.s
      At line 216 in file firmware\CMSIS\device\startup\startup_n32g430.s

DMA_Channel1_IRQHandler 0000001A

Symbol: DMA_Channel1_IRQHandler
   Definitions
      At line 260 in file firmware\CMSIS\device\startup\startup_n32g430.s
   Uses
      At line 90 in file firmware\CMSIS\device\startup\startup_n32g430.s
      At line 206 in file firmware\CMSIS\device\startup\startup_n32g430.s

DMA_Channel2_IRQHandler 0000001A

Symbol: DMA_Channel2_IRQHandler
   Definitions
      At line 261 in file firmware\CMSIS\device\startup\startup_n32g430.s
   Uses
      At line 91 in file firmware\CMSIS\device\startup\startup_n32g430.s
      At line 207 in file firmware\CMSIS\device\startup\startup_n32g430.s

DMA_Channel3_IRQHandler 0000001A

Symbol: DMA_Channel3_IRQHandler
   Definitions
      At line 262 in file firmware\CMSIS\device\startup\startup_n32g430.s
   Uses
      At line 92 in file firmware\CMSIS\device\startup\startup_n32g430.s
      At line 208 in file firmware\CMSIS\device\startup\startup_n32g430.s

DMA_Channel4_IRQHandler 0000001A

Symbol: DMA_Channel4_IRQHandler
   Definitions
      At line 263 in file firmware\CMSIS\device\startup\startup_n32g430.s
   Uses
      At line 93 in file firmware\CMSIS\device\startup\startup_n32g430.s
      At line 209 in file firmware\CMSIS\device\startup\startup_n32g430.s

DMA_Channel5_IRQHandler 0000001A

Symbol: DMA_Channel5_IRQHandler
   Definitions
      At line 264 in file firmware\CMSIS\device\startup\startup_n32g430.s
   Uses
      At line 94 in file firmware\CMSIS\device\startup\startup_n32g430.s
      At line 210 in file firmware\CMSIS\device\startup\startup_n32g430.s

DMA_Channel6_IRQHandler 0000001A




ARM Macro Assembler    Page 3 Alphabetic symbol ordering
Relocatable symbols

Symbol: DMA_Channel6_IRQHandler
   Definitions
      At line 265 in file firmware\CMSIS\device\startup\startup_n32g430.s
   Uses
      At line 95 in file firmware\CMSIS\device\startup\startup_n32g430.s
      At line 211 in file firmware\CMSIS\device\startup\startup_n32g430.s

DMA_Channel7_IRQHandler 0000001A

Symbol: DMA_Channel7_IRQHandler
   Definitions
      At line 266 in file firmware\CMSIS\device\startup\startup_n32g430.s
   Uses
      At line 96 in file firmware\CMSIS\device\startup\startup_n32g430.s
      At line 212 in file firmware\CMSIS\device\startup\startup_n32g430.s

DMA_Channel8_IRQHandler 0000001A

Symbol: DMA_Channel8_IRQHandler
   Definitions
      At line 267 in file firmware\CMSIS\device\startup\startup_n32g430.s
   Uses
      At line 97 in file firmware\CMSIS\device\startup\startup_n32g430.s
      At line 213 in file firmware\CMSIS\device\startup\startup_n32g430.s

DebugMon_Handler 00000014

Symbol: DebugMon_Handler
   Definitions
      At line 180 in file firmware\CMSIS\device\startup\startup_n32g430.s
   Uses
      At line 73 in file firmware\CMSIS\device\startup\startup_n32g430.s
      At line 181 in file firmware\CMSIS\device\startup\startup_n32g430.s

Default_Handler 0000001A

Symbol: Default_Handler
   Definitions
      At line 193 in file firmware\CMSIS\device\startup\startup_n32g430.s
   Uses
      None
Comment: Default_Handler unused
EXTI0_IRQHandler 0000001A

Symbol: EXTI0_IRQHandler
   Definitions
      At line 255 in file firmware\CMSIS\device\startup\startup_n32g430.s
   Uses
      At line 85 in file firmware\CMSIS\device\startup\startup_n32g430.s
      At line 201 in file firmware\CMSIS\device\startup\startup_n32g430.s

EXTI15_10_IRQHandler 0000001A

Symbol: EXTI15_10_IRQHandler
   Definitions
      At line 288 in file firmware\CMSIS\device\startup\startup_n32g430.s
   Uses
      At line 118 in file firmware\CMSIS\device\startup\startup_n32g430.s
      At line 234 in file firmware\CMSIS\device\startup\startup_n32g430.s



ARM Macro Assembler    Page 4 Alphabetic symbol ordering
Relocatable symbols


EXTI1_IRQHandler 0000001A

Symbol: EXTI1_IRQHandler
   Definitions
      At line 256 in file firmware\CMSIS\device\startup\startup_n32g430.s
   Uses
      At line 86 in file firmware\CMSIS\device\startup\startup_n32g430.s
      At line 202 in file firmware\CMSIS\device\startup\startup_n32g430.s

EXTI2_IRQHandler 0000001A

Symbol: EXTI2_IRQHandler
   Definitions
      At line 257 in file firmware\CMSIS\device\startup\startup_n32g430.s
   Uses
      At line 87 in file firmware\CMSIS\device\startup\startup_n32g430.s
      At line 203 in file firmware\CMSIS\device\startup\startup_n32g430.s

EXTI3_IRQHandler 0000001A

Symbol: EXTI3_IRQHandler
   Definitions
      At line 258 in file firmware\CMSIS\device\startup\startup_n32g430.s
   Uses
      At line 88 in file firmware\CMSIS\device\startup\startup_n32g430.s
      At line 204 in file firmware\CMSIS\device\startup\startup_n32g430.s

EXTI4_IRQHandler 0000001A

Symbol: EXTI4_IRQHandler
   Definitions
      At line 259 in file firmware\CMSIS\device\startup\startup_n32g430.s
   Uses
      At line 89 in file firmware\CMSIS\device\startup\startup_n32g430.s
      At line 205 in file firmware\CMSIS\device\startup\startup_n32g430.s

EXTI9_5_IRQHandler 0000001A

Symbol: EXTI9_5_IRQHandler
   Definitions
      At line 271 in file firmware\CMSIS\device\startup\startup_n32g430.s
   Uses
      At line 101 in file firmware\CMSIS\device\startup\startup_n32g430.s
      At line 217 in file firmware\CMSIS\device\startup\startup_n32g430.s

FLASH_IRQHandler 0000001A

Symbol: FLASH_IRQHandler
   Definitions
      At line 253 in file firmware\CMSIS\device\startup\startup_n32g430.s
   Uses
      At line 83 in file firmware\CMSIS\device\startup\startup_n32g430.s
      At line 199 in file firmware\CMSIS\device\startup\startup_n32g430.s

HardFault_Handler 0000000A

Symbol: HardFault_Handler
   Definitions



ARM Macro Assembler    Page 5 Alphabetic symbol ordering
Relocatable symbols

      At line 156 in file firmware\CMSIS\device\startup\startup_n32g430.s
   Uses
      At line 64 in file firmware\CMSIS\device\startup\startup_n32g430.s
      At line 157 in file firmware\CMSIS\device\startup\startup_n32g430.s

I2C1_ER_IRQHandler 0000001A

Symbol: I2C1_ER_IRQHandler
   Definitions
      At line 280 in file firmware\CMSIS\device\startup\startup_n32g430.s
   Uses
      At line 110 in file firmware\CMSIS\device\startup\startup_n32g430.s
      At line 226 in file firmware\CMSIS\device\startup\startup_n32g430.s

I2C1_EV_IRQHandler 0000001A

Symbol: I2C1_EV_IRQHandler
   Definitions
      At line 279 in file firmware\CMSIS\device\startup\startup_n32g430.s
   Uses
      At line 109 in file firmware\CMSIS\device\startup\startup_n32g430.s
      At line 225 in file firmware\CMSIS\device\startup\startup_n32g430.s

I2C2_ER_IRQHandler 0000001A

Symbol: I2C2_ER_IRQHandler
   Definitions
      At line 282 in file firmware\CMSIS\device\startup\startup_n32g430.s
   Uses
      At line 112 in file firmware\CMSIS\device\startup\startup_n32g430.s
      At line 228 in file firmware\CMSIS\device\startup\startup_n32g430.s

I2C2_EV_IRQHandler 0000001A

Symbol: I2C2_EV_IRQHandler
   Definitions
      At line 281 in file firmware\CMSIS\device\startup\startup_n32g430.s
   Uses
      At line 111 in file firmware\CMSIS\device\startup\startup_n32g430.s
      At line 227 in file firmware\CMSIS\device\startup\startup_n32g430.s

LPTIM_WKUP_IRQHandler 0000001A

Symbol: LPTIM_WKUP_IRQHandler
   Definitions
      At line 290 in file firmware\CMSIS\device\startup\startup_n32g430.s
   Uses
      At line 120 in file firmware\CMSIS\device\startup\startup_n32g430.s
      At line 236 in file firmware\CMSIS\device\startup\startup_n32g430.s

MMU_IRQHandler 0000001A

Symbol: MMU_IRQHandler
   Definitions
      At line 269 in file firmware\CMSIS\device\startup\startup_n32g430.s
   Uses
      At line 99 in file firmware\CMSIS\device\startup\startup_n32g430.s
      At line 215 in file firmware\CMSIS\device\startup\startup_n32g430.s




ARM Macro Assembler    Page 6 Alphabetic symbol ordering
Relocatable symbols

MemManage_Handler 0000000C

Symbol: MemManage_Handler
   Definitions
      At line 161 in file firmware\CMSIS\device\startup\startup_n32g430.s
   Uses
      At line 65 in file firmware\CMSIS\device\startup\startup_n32g430.s
      At line 162 in file firmware\CMSIS\device\startup\startup_n32g430.s

NMI_Handler 00000008

Symbol: NMI_Handler
   Definitions
      At line 151 in file firmware\CMSIS\device\startup\startup_n32g430.s
   Uses
      At line 63 in file firmware\CMSIS\device\startup\startup_n32g430.s
      At line 152 in file firmware\CMSIS\device\startup\startup_n32g430.s

PVD_IRQHandler 0000001A

Symbol: PVD_IRQHandler
   Definitions
      At line 250 in file firmware\CMSIS\device\startup\startup_n32g430.s
   Uses
      At line 80 in file firmware\CMSIS\device\startup\startup_n32g430.s
      At line 196 in file firmware\CMSIS\device\startup\startup_n32g430.s

PendSV_Handler 00000016

Symbol: PendSV_Handler
   Definitions
      At line 184 in file firmware\CMSIS\device\startup\startup_n32g430.s
   Uses
      At line 75 in file firmware\CMSIS\device\startup\startup_n32g430.s
      At line 185 in file firmware\CMSIS\device\startup\startup_n32g430.s

RCC_IRQHandler 0000001A

Symbol: RCC_IRQHandler
   Definitions
      At line 254 in file firmware\CMSIS\device\startup\startup_n32g430.s
   Uses
      At line 84 in file firmware\CMSIS\device\startup\startup_n32g430.s
      At line 200 in file firmware\CMSIS\device\startup\startup_n32g430.s

RTCAlarm_IRQHandler 0000001A

Symbol: RTCAlarm_IRQHandler
   Definitions
      At line 289 in file firmware\CMSIS\device\startup\startup_n32g430.s
   Uses
      At line 119 in file firmware\CMSIS\device\startup\startup_n32g430.s
      At line 235 in file firmware\CMSIS\device\startup\startup_n32g430.s

RTC_TAMPER_STAMP_IRQHandler 0000001A

Symbol: RTC_TAMPER_STAMP_IRQHandler
   Definitions
      At line 251 in file firmware\CMSIS\device\startup\startup_n32g430.s



ARM Macro Assembler    Page 7 Alphabetic symbol ordering
Relocatable symbols

   Uses
      At line 81 in file firmware\CMSIS\device\startup\startup_n32g430.s
      At line 197 in file firmware\CMSIS\device\startup\startup_n32g430.s

RTC_WKUP_IRQHandler 0000001A

Symbol: RTC_WKUP_IRQHandler
   Definitions
      At line 252 in file firmware\CMSIS\device\startup\startup_n32g430.s
   Uses
      At line 82 in file firmware\CMSIS\device\startup\startup_n32g430.s
      At line 198 in file firmware\CMSIS\device\startup\startup_n32g430.s

Reset_Handler 00000000

Symbol: Reset_Handler
   Definitions
      At line 139 in file firmware\CMSIS\device\startup\startup_n32g430.s
   Uses
      At line 62 in file firmware\CMSIS\device\startup\startup_n32g430.s
      At line 140 in file firmware\CMSIS\device\startup\startup_n32g430.s

SPI1_IRQHandler 0000001A

Symbol: SPI1_IRQHandler
   Definitions
      At line 283 in file firmware\CMSIS\device\startup\startup_n32g430.s
   Uses
      At line 113 in file firmware\CMSIS\device\startup\startup_n32g430.s
      At line 229 in file firmware\CMSIS\device\startup\startup_n32g430.s

SPI2_IRQHandler 0000001A

Symbol: SPI2_IRQHandler
   Definitions
      At line 284 in file firmware\CMSIS\device\startup\startup_n32g430.s
   Uses
      At line 114 in file firmware\CMSIS\device\startup\startup_n32g430.s
      At line 230 in file firmware\CMSIS\device\startup\startup_n32g430.s

SVC_Handler 00000012

Symbol: SVC_Handler
   Definitions
      At line 175 in file firmware\CMSIS\device\startup\startup_n32g430.s
   Uses
      At line 72 in file firmware\CMSIS\device\startup\startup_n32g430.s
      At line 176 in file firmware\CMSIS\device\startup\startup_n32g430.s

SysTick_Handler 00000018

Symbol: SysTick_Handler
   Definitions
      At line 188 in file firmware\CMSIS\device\startup\startup_n32g430.s
   Uses
      At line 76 in file firmware\CMSIS\device\startup\startup_n32g430.s
      At line 189 in file firmware\CMSIS\device\startup\startup_n32g430.s

TIM1_BRK_IRQHandler 0000001A



ARM Macro Assembler    Page 8 Alphabetic symbol ordering
Relocatable symbols


Symbol: TIM1_BRK_IRQHandler
   Definitions
      At line 272 in file firmware\CMSIS\device\startup\startup_n32g430.s
   Uses
      At line 102 in file firmware\CMSIS\device\startup\startup_n32g430.s
      At line 218 in file firmware\CMSIS\device\startup\startup_n32g430.s

TIM1_CC_IRQHandler 0000001A

Symbol: TIM1_CC_IRQHandler
   Definitions
      At line 275 in file firmware\CMSIS\device\startup\startup_n32g430.s
   Uses
      At line 105 in file firmware\CMSIS\device\startup\startup_n32g430.s
      At line 221 in file firmware\CMSIS\device\startup\startup_n32g430.s

TIM1_TRG_COM_IRQHandler 0000001A

Symbol: TIM1_TRG_COM_IRQHandler
   Definitions
      At line 274 in file firmware\CMSIS\device\startup\startup_n32g430.s
   Uses
      At line 104 in file firmware\CMSIS\device\startup\startup_n32g430.s
      At line 220 in file firmware\CMSIS\device\startup\startup_n32g430.s

TIM1_UP_IRQHandler 0000001A

Symbol: TIM1_UP_IRQHandler
   Definitions
      At line 273 in file firmware\CMSIS\device\startup\startup_n32g430.s
   Uses
      At line 103 in file firmware\CMSIS\device\startup\startup_n32g430.s
      At line 219 in file firmware\CMSIS\device\startup\startup_n32g430.s

TIM2_IRQHandler 0000001A

Symbol: TIM2_IRQHandler
   Definitions
      At line 276 in file firmware\CMSIS\device\startup\startup_n32g430.s
   Uses
      At line 106 in file firmware\CMSIS\device\startup\startup_n32g430.s
      At line 222 in file firmware\CMSIS\device\startup\startup_n32g430.s

TIM3_IRQHandler 0000001A

Symbol: TIM3_IRQHandler
   Definitions
      At line 277 in file firmware\CMSIS\device\startup\startup_n32g430.s
   Uses
      At line 107 in file firmware\CMSIS\device\startup\startup_n32g430.s
      At line 223 in file firmware\CMSIS\device\startup\startup_n32g430.s

TIM4_IRQHandler 0000001A

Symbol: TIM4_IRQHandler
   Definitions
      At line 278 in file firmware\CMSIS\device\startup\startup_n32g430.s
   Uses



ARM Macro Assembler    Page 9 Alphabetic symbol ordering
Relocatable symbols

      At line 108 in file firmware\CMSIS\device\startup\startup_n32g430.s
      At line 224 in file firmware\CMSIS\device\startup\startup_n32g430.s

TIM5_IRQHandler 0000001A

Symbol: TIM5_IRQHandler
   Definitions
      At line 296 in file firmware\CMSIS\device\startup\startup_n32g430.s
   Uses
      At line 126 in file firmware\CMSIS\device\startup\startup_n32g430.s
      At line 242 in file firmware\CMSIS\device\startup\startup_n32g430.s

TIM6_IRQHandler 0000001A

Symbol: TIM6_IRQHandler
   Definitions
      At line 297 in file firmware\CMSIS\device\startup\startup_n32g430.s
   Uses
      At line 127 in file firmware\CMSIS\device\startup\startup_n32g430.s
      At line 243 in file firmware\CMSIS\device\startup\startup_n32g430.s

TIM8_BRK_IRQHandler 0000001A

Symbol: TIM8_BRK_IRQHandler
   Definitions
      At line 291 in file firmware\CMSIS\device\startup\startup_n32g430.s
   Uses
      At line 121 in file firmware\CMSIS\device\startup\startup_n32g430.s
      At line 237 in file firmware\CMSIS\device\startup\startup_n32g430.s

TIM8_CC_IRQHandler 0000001A

Symbol: TIM8_CC_IRQHandler
   Definitions
      At line 294 in file firmware\CMSIS\device\startup\startup_n32g430.s
   Uses
      At line 124 in file firmware\CMSIS\device\startup\startup_n32g430.s
      At line 240 in file firmware\CMSIS\device\startup\startup_n32g430.s

TIM8_TRG_COM_IRQHandler 0000001A

Symbol: TIM8_TRG_COM_IRQHandler
   Definitions
      At line 293 in file firmware\CMSIS\device\startup\startup_n32g430.s
   Uses
      At line 123 in file firmware\CMSIS\device\startup\startup_n32g430.s
      At line 239 in file firmware\CMSIS\device\startup\startup_n32g430.s

TIM8_UP_IRQHandler 0000001A

Symbol: TIM8_UP_IRQHandler
   Definitions
      At line 292 in file firmware\CMSIS\device\startup\startup_n32g430.s
   Uses
      At line 122 in file firmware\CMSIS\device\startup\startup_n32g430.s
      At line 238 in file firmware\CMSIS\device\startup\startup_n32g430.s

UART3_IRQHandler 0000001A




ARM Macro Assembler    Page 10 Alphabetic symbol ordering
Relocatable symbols

Symbol: UART3_IRQHandler
   Definitions
      At line 287 in file firmware\CMSIS\device\startup\startup_n32g430.s
   Uses
      At line 117 in file firmware\CMSIS\device\startup\startup_n32g430.s
      At line 233 in file firmware\CMSIS\device\startup\startup_n32g430.s

UART4_IRQHandler 0000001A

Symbol: UART4_IRQHandler
   Definitions
      At line 295 in file firmware\CMSIS\device\startup\startup_n32g430.s
   Uses
      At line 125 in file firmware\CMSIS\device\startup\startup_n32g430.s
      At line 241 in file firmware\CMSIS\device\startup\startup_n32g430.s

USART1_IRQHandler 0000001A

Symbol: USART1_IRQHandler
   Definitions
      At line 285 in file firmware\CMSIS\device\startup\startup_n32g430.s
   Uses
      At line 115 in file firmware\CMSIS\device\startup\startup_n32g430.s
      At line 231 in file firmware\CMSIS\device\startup\startup_n32g430.s

USART2_IRQHandler 0000001A

Symbol: USART2_IRQHandler
   Definitions
      At line 286 in file firmware\CMSIS\device\startup\startup_n32g430.s
   Uses
      At line 116 in file firmware\CMSIS\device\startup\startup_n32g430.s
      At line 232 in file firmware\CMSIS\device\startup\startup_n32g430.s

UsageFault_Handler 00000010

Symbol: UsageFault_Handler
   Definitions
      At line 171 in file firmware\CMSIS\device\startup\startup_n32g430.s
   Uses
      At line 67 in file firmware\CMSIS\device\startup\startup_n32g430.s
      At line 172 in file firmware\CMSIS\device\startup\startup_n32g430.s

WWDG_IRQHandler 0000001A

Symbol: WWDG_IRQHandler
   Definitions
      At line 249 in file firmware\CMSIS\device\startup\startup_n32g430.s
   Uses
      At line 79 in file firmware\CMSIS\device\startup\startup_n32g430.s
      At line 195 in file firmware\CMSIS\device\startup\startup_n32g430.s

__user_initial_stackheap 0000001C

Symbol: __user_initial_stackheap
   Definitions
      At line 322 in file firmware\CMSIS\device\startup\startup_n32g430.s
   Uses
      At line 320 in file firmware\CMSIS\device\startup\startup_n32g430.s



ARM Macro Assembler    Page 11 Alphabetic symbol ordering
Relocatable symbols

Comment: __user_initial_stackheap used once
66 symbols



ARM Macro Assembler    Page 1 Alphabetic symbol ordering
Absolute symbols

Heap_Size 00000300

Symbol: Heap_Size
   Definitions
      At line 44 in file firmware\CMSIS\device\startup\startup_n32g430.s
   Uses
      At line 48 in file firmware\CMSIS\device\startup\startup_n32g430.s
      At line 326 in file firmware\CMSIS\device\startup\startup_n32g430.s

Stack_Size 00001500

Symbol: Stack_Size
   Definitions
      At line 34 in file firmware\CMSIS\device\startup\startup_n32g430.s
   Uses
      At line 37 in file firmware\CMSIS\device\startup\startup_n32g430.s
      At line 325 in file firmware\CMSIS\device\startup\startup_n32g430.s

__Vectors_Size 00000114

Symbol: __Vectors_Size
   Definitions
      At line 134 in file firmware\CMSIS\device\startup\startup_n32g430.s
   Uses
      At line 59 in file firmware\CMSIS\device\startup\startup_n32g430.s
Comment: __Vectors_Size used once
3 symbols



ARM Macro Assembler    Page 1 Alphabetic symbol ordering
External symbols

System_Initializes 00000000

Symbol: System_Initializes
   Definitions
      At line 142 in file firmware\CMSIS\device\startup\startup_n32g430.s
   Uses
      At line 143 in file firmware\CMSIS\device\startup\startup_n32g430.s
Comment: System_Initializes used once
__main 00000000

Symbol: __main
   Definitions
      At line 141 in file firmware\CMSIS\device\startup\startup_n32g430.s
   Uses
      At line 145 in file firmware\CMSIS\device\startup\startup_n32g430.s
Comment: __main used once
__use_two_region_memory 00000000

Symbol: __use_two_region_memory
   Definitions
      At line 319 in file firmware\CMSIS\device\startup\startup_n32g430.s
   Uses
      None
Comment: __use_two_region_memory unused
3 symbols
420 symbols in table
